<?xml version="1.0" encoding="UTF-8"?>
<!-- Generated by org.testng.reporters.JUnitReportReporter -->
<testsuite name="com.TestData.App" tests="1" time="23.405" ignored="0" failures="0" timestamp="15 ноя 2017 16:24:11 GMT" skipped="0" hostname="DESKTOP-99SLIRH" errors="0">
  <testcase name="test" time="23.405" classname="com.TestData.App"/>
</testsuite> <!-- com.TestData.App -->
