<?xml version="1.0" encoding="UTF-8"?>
<!-- Generated by org.testng.reporters.JUnitReportReporter -->
<testsuite name="com.MyProject.App" tests="1" time="22.333" ignored="0" failures="0" timestamp="03 ноя 2017 14:33:00 GMT" skipped="0" hostname="DESKTOP-99SLIRH" errors="0">
  <testcase name="test" time="22.333" classname="com.MyProject.App"/>
</testsuite> <!-- com.MyProject.App -->
